OracleLib.py
OracleLib.pyc
aliases
aliases.sh
appliances.yml
connectors.yml
databases.yml
lala
nohup.out
ore.py
plan.yml
OracleLib.py
OracleLib.pyc
aliases
aliases.sh
appliances.yml
connectors.yml
databases.yml
lala
nohup.out
ore.py
plan.yml
something.sh
OracleLib.py
OracleLib.pyc
aliases
aliases.sh
appliances.yml
connectors.yml
databases.yml
lala
nohup.out
ore.py
plan.yml
something.sh
OracleLib.py
OracleLib.pyc
aliases
aliases.sh
appliances.yml
connectors.yml
databases.yml
lala
nohup.out
ore.py
plan.yml
something.sh
/Library/Frameworks/Python.framework/Versions/2.7/Resources/Python.app/Contents/MacOS/Python: can't open file 'rbc.py': [Errno 2] No such file or directory
/Library/Frameworks/Python.framework/Versions/2.7/Resources/Python.app/Contents/MacOS/Python: can't open file 'rbc.py': [Errno 2] No such file or directory
/Library/Frameworks/Python.framework/Versions/2.7/Resources/Python.app/Contents/MacOS/Python: can't open file 'rbc.py': [Errno 2] No such file or directory
/Library/Frameworks/Python.framework/Versions/2.7/Resources/Python.app/Contents/MacOS/Python: can't open file 'rbc.py': [Errno 2] No such file or directory
/Library/Frameworks/Python.framework/Versions/2.7/Resources/Python.app/Contents/MacOS/Python: can't open file 'rbc.py': [Errno 2] No such file or directory
/Library/Frameworks/Python.framework/Versions/2.7/Resources/Python.app/Contents/MacOS/Python: can't open file 'rbc.py': [Errno 2] No such file or directory
/Library/Frameworks/Python.framework/Versions/2.7/Resources/Python.app/Contents/MacOS/Python: can't open file 'rbc.py': [Errno 2] No such file or directory
/Library/Frameworks/Python.framework/Versions/2.7/Resources/Python.app/Contents/MacOS/Python: can't open file 'rbc.py': [Errno 2] No such file or directory
/Library/Frameworks/Python.framework/Versions/2.7/Resources/Python.app/Contents/MacOS/Python: can't open file 'rbc.py': [Errno 2] No such file or directory
/Library/Frameworks/Python.framework/Versions/2.7/Resources/Python.app/Contents/MacOS/Python: can't open file 'rbc.py': [Errno 2] No such file or directory
/Library/Frameworks/Python.framework/Versions/2.7/Resources/Python.app/Contents/MacOS/Python: can't open file 'rbc.py': [Errno 2] No such file or directory
/Library/Frameworks/Python.framework/Versions/2.7/Resources/Python.app/Contents/MacOS/Python: can't open file 'rbc.py': [Errno 2] No such file or directory
/Library/Frameworks/Python.framework/Versions/2.7/Resources/Python.app/Contents/MacOS/Python: can't open file 'rbc.py': [Errno 2] No such file or directory
